Analysis & Synthesis report for stopwatch
Tue Jan  3 19:25:50 2023
Quartus Prime Version 22.1std.0 Build 915 10/25/2022 SC Lite Edition


---------------------
; Table of Contents ;
---------------------
  1. Legal Notice
  2. Analysis & Synthesis Summary
  3. Analysis & Synthesis Settings
  4. Parallel Compilation
  5. Analysis & Synthesis Source Files Read
  6. Analysis & Synthesis Resource Usage Summary
  7. Analysis & Synthesis Resource Utilization by Entity
  8. General Register Statistics
  9. Port Connectivity Checks: "c1_4:c4|t_ff_with_async_enable_set_reset:t1"
 10. Port Connectivity Checks: "c0_5:c2|t_ff_with_async_enable_set_reset:t1"
 11. Port Connectivity Checks: "c0_9:c1|t_ff_with_async_enable_set_reset:t1"
 12. Post-Synthesis Netlist Statistics for Top Partition
 13. Elapsed Time Per Partition
 14. Analysis & Synthesis Messages
 15. Analysis & Synthesis Suppressed Messages



----------------
; Legal Notice ;
----------------
Copyright (C) 2022  Intel Corporation. All rights reserved.
Your use of Intel Corporation's design tools, logic functions 
and other software and tools, and any partner logic 
functions, and any output files from any of the foregoing 
(including device programming or simulation files), and any 
associated documentation or information are expressly subject 
to the terms and conditions of the Intel Program License 
Subscription Agreement, the Intel Quartus Prime License Agreement,
the Intel FPGA IP License Agreement, or other applicable license
agreement, including, without limitation, that your use is for
the sole purpose of programming logic devices manufactured by
Intel and sold by Intel or its authorized distributors.  Please
refer to the applicable agreement for further details, at
https://fpgasoftware.intel.com/eula.



+-------------------------------------------------------------------------------------+
; Analysis & Synthesis Summary                                                        ;
+------------------------------------+------------------------------------------------+
; Analysis & Synthesis Status        ; Successful - Tue Jan  3 19:25:50 2023          ;
; Quartus Prime Version              ; 22.1std.0 Build 915 10/25/2022 SC Lite Edition ;
; Revision Name                      ; stopwatch                                      ;
; Top-level Entity Name              ; stopwatch                                      ;
; Family                             ; Cyclone IV E                                   ;
; Total logic elements               ; 34                                             ;
;     Total combinational functions  ; 34                                             ;
;     Dedicated logic registers      ; 14                                             ;
; Total registers                    ; 14                                             ;
; Total pins                         ; 24                                             ;
; Total virtual pins                 ; 0                                              ;
; Total memory bits                  ; 0                                              ;
; Embedded Multiplier 9-bit elements ; 0                                              ;
; Total PLLs                         ; 0                                              ;
+------------------------------------+------------------------------------------------+


+------------------------------------------------------------------------------------------------------------+
; Analysis & Synthesis Settings                                                                              ;
+------------------------------------------------------------------+--------------------+--------------------+
; Option                                                           ; Setting            ; Default Value      ;
+------------------------------------------------------------------+--------------------+--------------------+
; Device                                                           ; EP4CE6E22C6        ;                    ;
; Top-level entity name                                            ; stopwatch          ; stopwatch          ;
; Family name                                                      ; Cyclone IV E       ; Cyclone V          ;
; Use smart compilation                                            ; Off                ; Off                ;
; Enable parallel Assembler and Timing Analyzer during compilation ; On                 ; On                 ;
; Enable compact report table                                      ; Off                ; Off                ;
; Restructure Multiplexers                                         ; Auto               ; Auto               ;
; Create Debugging Nodes for IP Cores                              ; Off                ; Off                ;
; Preserve fewer node names                                        ; On                 ; On                 ;
; Intel FPGA IP Evaluation Mode                                    ; Enable             ; Enable             ;
; Verilog Version                                                  ; Verilog_2001       ; Verilog_2001       ;
; VHDL Version                                                     ; VHDL_1993          ; VHDL_1993          ;
; State Machine Processing                                         ; Auto               ; Auto               ;
; Safe State Machine                                               ; Off                ; Off                ;
; Extract Verilog State Machines                                   ; On                 ; On                 ;
; Extract VHDL State Machines                                      ; On                 ; On                 ;
; Ignore Verilog initial constructs                                ; Off                ; Off                ;
; Iteration limit for constant Verilog loops                       ; 5000               ; 5000               ;
; Iteration limit for non-constant Verilog loops                   ; 250                ; 250                ;
; Add Pass-Through Logic to Inferred RAMs                          ; On                 ; On                 ;
; Infer RAMs from Raw Logic                                        ; On                 ; On                 ;
; Parallel Synthesis                                               ; On                 ; On                 ;
; DSP Block Balancing                                              ; Auto               ; Auto               ;
; NOT Gate Push-Back                                               ; On                 ; On                 ;
; Power-Up Don't Care                                              ; On                 ; On                 ;
; Remove Redundant Logic Cells                                     ; Off                ; Off                ;
; Remove Duplicate Registers                                       ; On                 ; On                 ;
; Ignore CARRY Buffers                                             ; Off                ; Off                ;
; Ignore CASCADE Buffers                                           ; Off                ; Off                ;
; Ignore GLOBAL Buffers                                            ; Off                ; Off                ;
; Ignore ROW GLOBAL Buffers                                        ; Off                ; Off                ;
; Ignore LCELL Buffers                                             ; Off                ; Off                ;
; Ignore SOFT Buffers                                              ; On                 ; On                 ;
; Limit AHDL Integers to 32 Bits                                   ; Off                ; Off                ;
; Optimization Technique                                           ; Balanced           ; Balanced           ;
; Carry Chain Length                                               ; 70                 ; 70                 ;
; Auto Carry Chains                                                ; On                 ; On                 ;
; Auto Open-Drain Pins                                             ; On                 ; On                 ;
; Perform WYSIWYG Primitive Resynthesis                            ; Off                ; Off                ;
; Auto ROM Replacement                                             ; On                 ; On                 ;
; Auto RAM Replacement                                             ; On                 ; On                 ;
; Auto DSP Block Replacement                                       ; On                 ; On                 ;
; Auto Shift Register Replacement                                  ; Auto               ; Auto               ;
; Allow Shift Register Merging across Hierarchies                  ; Auto               ; Auto               ;
; Auto Clock Enable Replacement                                    ; On                 ; On                 ;
; Strict RAM Replacement                                           ; Off                ; Off                ;
; Allow Synchronous Control Signals                                ; On                 ; On                 ;
; Force Use of Synchronous Clear Signals                           ; Off                ; Off                ;
; Auto RAM Block Balancing                                         ; On                 ; On                 ;
; Auto RAM to Logic Cell Conversion                                ; Off                ; Off                ;
; Auto Resource Sharing                                            ; Off                ; Off                ;
; Allow Any RAM Size For Recognition                               ; Off                ; Off                ;
; Allow Any ROM Size For Recognition                               ; Off                ; Off                ;
; Allow Any Shift Register Size For Recognition                    ; Off                ; Off                ;
; Use LogicLock Constraints during Resource Balancing              ; On                 ; On                 ;
; Ignore translate_off and synthesis_off directives                ; Off                ; Off                ;
; Timing-Driven Synthesis                                          ; On                 ; On                 ;
; Report Parameter Settings                                        ; On                 ; On                 ;
; Report Source Assignments                                        ; On                 ; On                 ;
; Report Connectivity Checks                                       ; On                 ; On                 ;
; Ignore Maximum Fan-Out Assignments                               ; Off                ; Off                ;
; Synchronization Register Chain Length                            ; 2                  ; 2                  ;
; Power Optimization During Synthesis                              ; Normal compilation ; Normal compilation ;
; HDL message level                                                ; Level2             ; Level2             ;
; Suppress Register Optimization Related Messages                  ; Off                ; Off                ;
; Number of Removed Registers Reported in Synthesis Report         ; 5000               ; 5000               ;
; Number of Swept Nodes Reported in Synthesis Report               ; 5000               ; 5000               ;
; Number of Inverted Registers Reported in Synthesis Report        ; 100                ; 100                ;
; Clock MUX Protection                                             ; On                 ; On                 ;
; Auto Gated Clock Conversion                                      ; Off                ; Off                ;
; Block Design Naming                                              ; Auto               ; Auto               ;
; SDC constraint protection                                        ; Off                ; Off                ;
; Synthesis Effort                                                 ; Auto               ; Auto               ;
; Shift Register Replacement - Allow Asynchronous Clear Signal     ; On                 ; On                 ;
; Pre-Mapping Resynthesis Optimization                             ; Off                ; Off                ;
; Analysis & Synthesis Message Level                               ; Medium             ; Medium             ;
; Disable Register Merging Across Hierarchies                      ; Auto               ; Auto               ;
; Resource Aware Inference For Block RAM                           ; On                 ; On                 ;
+------------------------------------------------------------------+--------------------+--------------------+


+------------------------------------------+
; Parallel Compilation                     ;
+----------------------------+-------------+
; Processors                 ; Number      ;
+----------------------------+-------------+
; Number detected on machine ; 12          ;
; Maximum allowed            ; 6           ;
;                            ;             ;
; Average used               ; 1.00        ;
; Maximum used               ; 6           ;
;                            ;             ;
; Usage by Processor         ; % Time Used ;
;     Processor 1            ; 100.0%      ;
;     Processors 2-6         ;   0.0%      ;
+----------------------------+-------------+


+-----------------------------------------------------------------------------------------------------------------------------------------------------------+
; Analysis & Synthesis Source Files Read                                                                                                                    ;
+-------------------------------------+-----------------+------------------------------+----------------------------------------------------------+---------+
; File Name with User-Entered Path    ; Used in Netlist ; File Type                    ; File Name with Absolute Path                             ; Library ;
+-------------------------------------+-----------------+------------------------------+----------------------------------------------------------+---------+
; t_ff_with_async_enable_set_reset.sv ; yes             ; User SystemVerilog HDL File  ; D:/Documents/digital/t_ff_with_async_enable_set_reset.sv ;         ;
; stopwatch.sv                        ; yes             ; User SystemVerilog HDL File  ; D:/Documents/digital/stopwatch.sv                        ;         ;
; c1_4.sv                             ; yes             ; User SystemVerilog HDL File  ; D:/Documents/digital/c1_4.sv                             ;         ;
; c0_9.sv                             ; yes             ; User SystemVerilog HDL File  ; D:/Documents/digital/c0_9.sv                             ;         ;
; c0_5.sv                             ; yes             ; User SystemVerilog HDL File  ; D:/Documents/digital/c0_5.sv                             ;         ;
; boolean_circuit_7.sv                ; yes             ; User SystemVerilog HDL File  ; D:/Documents/digital/boolean_circuit_7.sv                ;         ;
; boolean_circuit_6.sv                ; yes             ; User SystemVerilog HDL File  ; D:/Documents/digital/boolean_circuit_6.sv                ;         ;
; boolean_circuit_5.sv                ; yes             ; User SystemVerilog HDL File  ; D:/Documents/digital/boolean_circuit_5.sv                ;         ;
; boolean_circuit_4.sv                ; yes             ; User SystemVerilog HDL File  ; D:/Documents/digital/boolean_circuit_4.sv                ;         ;
; boolean_circuit_3.sv                ; yes             ; User SystemVerilog HDL File  ; D:/Documents/digital/boolean_circuit_3.sv                ;         ;
; boolean_circuit_2.sv                ; yes             ; User SystemVerilog HDL File  ; D:/Documents/digital/boolean_circuit_2.sv                ;         ;
; boolean_circuit_13.sv               ; yes             ; User SystemVerilog HDL File  ; D:/Documents/digital/boolean_circuit_13.sv               ;         ;
; boolean_circuit_12.sv               ; yes             ; User SystemVerilog HDL File  ; D:/Documents/digital/boolean_circuit_12.sv               ;         ;
; boolean_circuit_11.sv               ; yes             ; User SystemVerilog HDL File  ; D:/Documents/digital/boolean_circuit_11.sv               ;         ;
; boolean_circuit_1.sv                ; yes             ; User SystemVerilog HDL File  ; D:/Documents/digital/boolean_circuit_1.sv                ;         ;
+-------------------------------------+-----------------+------------------------------+----------------------------------------------------------+---------+


+---------------------------------------------------------+
; Analysis & Synthesis Resource Usage Summary             ;
+---------------------------------------------+-----------+
; Resource                                    ; Usage     ;
+---------------------------------------------+-----------+
; Estimated Total logic elements              ; 34        ;
;                                             ;           ;
; Total combinational functions               ; 34        ;
; Logic element usage by number of LUT inputs ;           ;
;     -- 4 input functions                    ; 19        ;
;     -- 3 input functions                    ; 10        ;
;     -- <=2 input functions                  ; 5         ;
;                                             ;           ;
; Logic elements by mode                      ;           ;
;     -- normal mode                          ; 34        ;
;     -- arithmetic mode                      ; 0         ;
;                                             ;           ;
; Total registers                             ; 14        ;
;     -- Dedicated logic registers            ; 14        ;
;     -- I/O registers                        ; 0         ;
;                                             ;           ;
; I/O pins                                    ; 24        ;
;                                             ;           ;
; Embedded Multiplier 9-bit elements          ; 0         ;
;                                             ;           ;
; Maximum fan-out node                        ; clk~input ;
; Maximum fan-out                             ; 14        ;
; Total fan-out                               ; 183       ;
; Average fan-out                             ; 1.91      ;
+---------------------------------------------+-----------+


+-----------------------------------------------------------------------------------------------------------------------------------------------------------------------------------------------------------------------------------------------------------------------------------+
; Analysis & Synthesis Resource Utilization by Entity                                                                                                                                                                                                                               ;
+---------------------------------------------+---------------------+---------------------------+-------------+--------------+---------+-----------+------+--------------+--------------------------------------------------------+----------------------------------+--------------+
; Compilation Hierarchy Node                  ; Combinational ALUTs ; Dedicated Logic Registers ; Memory Bits ; DSP Elements ; DSP 9x9 ; DSP 18x18 ; Pins ; Virtual Pins ; Full Hierarchy Name                                    ; Entity Name                      ; Library Name ;
+---------------------------------------------+---------------------+---------------------------+-------------+--------------+---------+-----------+------+--------------+--------------------------------------------------------+----------------------------------+--------------+
; |stopwatch                                  ; 34 (3)              ; 14 (0)                    ; 0           ; 0            ; 0       ; 0         ; 24   ; 0            ; |stopwatch                                             ; stopwatch                        ; work         ;
;    |boolean_circuit_4:en1|                  ; 1 (1)               ; 0 (0)                     ; 0           ; 0            ; 0       ; 0         ; 0    ; 0            ; |stopwatch|boolean_circuit_4:en1                       ; boolean_circuit_4                ; work         ;
;    |boolean_circuit_7:en2|                  ; 1 (1)               ; 0 (0)                     ; 0           ; 0            ; 0       ; 0         ; 0    ; 0            ; |stopwatch|boolean_circuit_7:en2                       ; boolean_circuit_7                ; work         ;
;    |c0_5:c2|                                ; 5 (0)               ; 3 (0)                     ; 0           ; 0            ; 0       ; 0         ; 0    ; 0            ; |stopwatch|c0_5:c2                                     ; c0_5                             ; work         ;
;       |t_ff_with_async_enable_set_reset:t1| ; 1 (1)               ; 1 (1)                     ; 0           ; 0            ; 0       ; 0         ; 0    ; 0            ; |stopwatch|c0_5:c2|t_ff_with_async_enable_set_reset:t1 ; t_ff_with_async_enable_set_reset ; work         ;
;       |t_ff_with_async_enable_set_reset:t2| ; 2 (2)               ; 1 (1)                     ; 0           ; 0            ; 0       ; 0         ; 0    ; 0            ; |stopwatch|c0_5:c2|t_ff_with_async_enable_set_reset:t2 ; t_ff_with_async_enable_set_reset ; work         ;
;       |t_ff_with_async_enable_set_reset:t3| ; 2 (2)               ; 1 (1)                     ; 0           ; 0            ; 0       ; 0         ; 0    ; 0            ; |stopwatch|c0_5:c2|t_ff_with_async_enable_set_reset:t3 ; t_ff_with_async_enable_set_reset ; work         ;
;    |c0_9:c1|                                ; 10 (0)              ; 4 (0)                     ; 0           ; 0            ; 0       ; 0         ; 0    ; 0            ; |stopwatch|c0_9:c1                                     ; c0_9                             ; work         ;
;       |t_ff_with_async_enable_set_reset:t1| ; 1 (1)               ; 1 (1)                     ; 0           ; 0            ; 0       ; 0         ; 0    ; 0            ; |stopwatch|c0_9:c1|t_ff_with_async_enable_set_reset:t1 ; t_ff_with_async_enable_set_reset ; work         ;
;       |t_ff_with_async_enable_set_reset:t2| ; 2 (2)               ; 1 (1)                     ; 0           ; 0            ; 0       ; 0         ; 0    ; 0            ; |stopwatch|c0_9:c1|t_ff_with_async_enable_set_reset:t2 ; t_ff_with_async_enable_set_reset ; work         ;
;       |t_ff_with_async_enable_set_reset:t3| ; 3 (3)               ; 1 (1)                     ; 0           ; 0            ; 0       ; 0         ; 0    ; 0            ; |stopwatch|c0_9:c1|t_ff_with_async_enable_set_reset:t3 ; t_ff_with_async_enable_set_reset ; work         ;
;       |t_ff_with_async_enable_set_reset:t4| ; 4 (4)               ; 1 (1)                     ; 0           ; 0            ; 0       ; 0         ; 0    ; 0            ; |stopwatch|c0_9:c1|t_ff_with_async_enable_set_reset:t4 ; t_ff_with_async_enable_set_reset ; work         ;
;    |c0_9:c3|                                ; 10 (0)              ; 4 (0)                     ; 0           ; 0            ; 0       ; 0         ; 0    ; 0            ; |stopwatch|c0_9:c3                                     ; c0_9                             ; work         ;
;       |t_ff_with_async_enable_set_reset:t1| ; 1 (1)               ; 1 (1)                     ; 0           ; 0            ; 0       ; 0         ; 0    ; 0            ; |stopwatch|c0_9:c3|t_ff_with_async_enable_set_reset:t1 ; t_ff_with_async_enable_set_reset ; work         ;
;       |t_ff_with_async_enable_set_reset:t2| ; 3 (3)               ; 1 (1)                     ; 0           ; 0            ; 0       ; 0         ; 0    ; 0            ; |stopwatch|c0_9:c3|t_ff_with_async_enable_set_reset:t2 ; t_ff_with_async_enable_set_reset ; work         ;
;       |t_ff_with_async_enable_set_reset:t3| ; 3 (3)               ; 1 (1)                     ; 0           ; 0            ; 0       ; 0         ; 0    ; 0            ; |stopwatch|c0_9:c3|t_ff_with_async_enable_set_reset:t3 ; t_ff_with_async_enable_set_reset ; work         ;
;       |t_ff_with_async_enable_set_reset:t4| ; 3 (3)               ; 1 (1)                     ; 0           ; 0            ; 0       ; 0         ; 0    ; 0            ; |stopwatch|c0_9:c3|t_ff_with_async_enable_set_reset:t4 ; t_ff_with_async_enable_set_reset ; work         ;
;    |c1_4:c4|                                ; 4 (0)               ; 3 (0)                     ; 0           ; 0            ; 0       ; 0         ; 0    ; 0            ; |stopwatch|c1_4:c4                                     ; c1_4                             ; work         ;
;       |t_ff_with_async_enable_set_reset:t1| ; 1 (1)               ; 1 (1)                     ; 0           ; 0            ; 0       ; 0         ; 0    ; 0            ; |stopwatch|c1_4:c4|t_ff_with_async_enable_set_reset:t1 ; t_ff_with_async_enable_set_reset ; work         ;
;       |t_ff_with_async_enable_set_reset:t2| ; 1 (1)               ; 1 (1)                     ; 0           ; 0            ; 0       ; 0         ; 0    ; 0            ; |stopwatch|c1_4:c4|t_ff_with_async_enable_set_reset:t2 ; t_ff_with_async_enable_set_reset ; work         ;
;       |t_ff_with_async_enable_set_reset:t3| ; 2 (2)               ; 1 (1)                     ; 0           ; 0            ; 0       ; 0         ; 0    ; 0            ; |stopwatch|c1_4:c4|t_ff_with_async_enable_set_reset:t3 ; t_ff_with_async_enable_set_reset ; work         ;
+---------------------------------------------+---------------------+---------------------------+-------------+--------------+---------+-----------+------+--------------+--------------------------------------------------------+----------------------------------+--------------+
Note: For table entries with two numbers listed, the numbers in parentheses indicate the number of resources of the given type used by the specific entity alone. The numbers listed outside of parentheses indicate the total resources of the given type used by the specific entity and all of its sub-entities in the hierarchy.


+------------------------------------------------------+
; General Register Statistics                          ;
+----------------------------------------------+-------+
; Statistic                                    ; Value ;
+----------------------------------------------+-------+
; Total registers                              ; 14    ;
; Number of registers using Synchronous Clear  ; 0     ;
; Number of registers using Synchronous Load   ; 0     ;
; Number of registers using Asynchronous Clear ; 0     ;
; Number of registers using Asynchronous Load  ; 0     ;
; Number of registers using Clock Enable       ; 2     ;
; Number of registers using Preset             ; 0     ;
+----------------------------------------------+-------+


+---------------------------------------------------------------------------------------------------------------------------------------------------------------------------------------------------------------+
; Port Connectivity Checks: "c1_4:c4|t_ff_with_async_enable_set_reset:t1"                                                                                                                                       ;
+-------+-------+----------+------------------------------------------------------------------------------------------------------------------------------------------------------------------------------------+
; Port  ; Type  ; Severity ; Details                                                                                                                                                                            ;
+-------+-------+----------+------------------------------------------------------------------------------------------------------------------------------------------------------------------------------------+
; t     ; Input ; Warning  ; Input port expression (32 bits) is wider than the input port (1 bits) it drives.  The 31 most-significant bit(s) in the expression will be dangling if they have no other fanouts. ;
; t[-1] ; Input ; Info     ; Stuck at VCC                                                                                                                                                                       ;
+-------+-------+----------+------------------------------------------------------------------------------------------------------------------------------------------------------------------------------------+


+---------------------------------------------------------------------------------------------------------------------------------------------------------------------------------------------------------------+
; Port Connectivity Checks: "c0_5:c2|t_ff_with_async_enable_set_reset:t1"                                                                                                                                       ;
+-------+-------+----------+------------------------------------------------------------------------------------------------------------------------------------------------------------------------------------+
; Port  ; Type  ; Severity ; Details                                                                                                                                                                            ;
+-------+-------+----------+------------------------------------------------------------------------------------------------------------------------------------------------------------------------------------+
; t     ; Input ; Warning  ; Input port expression (32 bits) is wider than the input port (1 bits) it drives.  The 31 most-significant bit(s) in the expression will be dangling if they have no other fanouts. ;
; t[-1] ; Input ; Info     ; Stuck at VCC                                                                                                                                                                       ;
+-------+-------+----------+------------------------------------------------------------------------------------------------------------------------------------------------------------------------------------+


+---------------------------------------------------------------------------------------------------------------------------------------------------------------------------------------------------------------+
; Port Connectivity Checks: "c0_9:c1|t_ff_with_async_enable_set_reset:t1"                                                                                                                                       ;
+-------+-------+----------+------------------------------------------------------------------------------------------------------------------------------------------------------------------------------------+
; Port  ; Type  ; Severity ; Details                                                                                                                                                                            ;
+-------+-------+----------+------------------------------------------------------------------------------------------------------------------------------------------------------------------------------------+
; t     ; Input ; Warning  ; Input port expression (32 bits) is wider than the input port (1 bits) it drives.  The 31 most-significant bit(s) in the expression will be dangling if they have no other fanouts. ;
; t[-1] ; Input ; Info     ; Stuck at VCC                                                                                                                                                                       ;
+-------+-------+----------+------------------------------------------------------------------------------------------------------------------------------------------------------------------------------------+


+-----------------------------------------------------+
; Post-Synthesis Netlist Statistics for Top Partition ;
+-----------------------+-----------------------------+
; Type                  ; Count                       ;
+-----------------------+-----------------------------+
; boundary_port         ; 24                          ;
; cycloneiii_ff         ; 14                          ;
;     ENA               ; 2                           ;
;     plain             ; 12                          ;
; cycloneiii_lcell_comb ; 35                          ;
;     normal            ; 35                          ;
;         0 data inputs ; 1                           ;
;         1 data inputs ; 1                           ;
;         2 data inputs ; 4                           ;
;         3 data inputs ; 10                          ;
;         4 data inputs ; 19                          ;
;                       ;                             ;
; Max LUT depth         ; 4.00                        ;
; Average LUT depth     ; 2.81                        ;
+-----------------------+-----------------------------+


+-------------------------------+
; Elapsed Time Per Partition    ;
+----------------+--------------+
; Partition Name ; Elapsed Time ;
+----------------+--------------+
; Top            ; 00:00:00     ;
+----------------+--------------+


+-------------------------------+
; Analysis & Synthesis Messages ;
+-------------------------------+
Info: *******************************************************************
Info: Running Quartus Prime Analysis & Synthesis
    Info: Version 22.1std.0 Build 915 10/25/2022 SC Lite Edition
    Info: Processing started: Tue Jan  3 19:25:43 2023
Info: Command: quartus_map --read_settings_files=on --write_settings_files=off stopwatch -c stopwatch
Warning (18236): Number of processors has not been specified which may cause overloading on shared machines.  Set the global assignment NUM_PARALLEL_PROCESSORS in your QSF to an appropriate value for best performance.
Info (20030): Parallel compilation is enabled and will use 6 of the 6 processors detected
Info (12021): Found 1 design units, including 1 entities, in source file t_ff_with_async_enable_set_reset.sv
    Info (12023): Found entity 1: t_ff_with_async_enable_set_reset File: D:/Documents/digital/t_ff_with_async_enable_set_reset.sv Line: 1
Info (12021): Found 1 design units, including 1 entities, in source file stopwatch.sv
    Info (12023): Found entity 1: stopwatch File: D:/Documents/digital/stopwatch.sv Line: 1
Info (12021): Found 1 design units, including 1 entities, in source file c1_4.sv
    Info (12023): Found entity 1: c1_4 File: D:/Documents/digital/c1_4.sv Line: 1
Info (12021): Found 1 design units, including 1 entities, in source file c0_9.sv
    Info (12023): Found entity 1: c0_9 File: D:/Documents/digital/c0_9.sv Line: 1
Info (12021): Found 1 design units, including 1 entities, in source file c0_5.sv
    Info (12023): Found entity 1: c0_5 File: D:/Documents/digital/c0_5.sv Line: 2
Info (12021): Found 1 design units, including 1 entities, in source file boolean_circuit_9.sv
    Info (12023): Found entity 1: boolean_circuit_9 File: D:/Documents/digital/boolean_circuit_9.sv Line: 1
Info (12021): Found 1 design units, including 1 entities, in source file boolean_circuit_8.sv
    Info (12023): Found entity 1: boolean_circuit_8 File: D:/Documents/digital/boolean_circuit_8.sv Line: 1
Info (12021): Found 1 design units, including 1 entities, in source file boolean_circuit_7.sv
    Info (12023): Found entity 1: boolean_circuit_7 File: D:/Documents/digital/boolean_circuit_7.sv Line: 1
Info (12021): Found 1 design units, including 1 entities, in source file boolean_circuit_6.sv
    Info (12023): Found entity 1: boolean_circuit_6 File: D:/Documents/digital/boolean_circuit_6.sv Line: 1
Info (12021): Found 1 design units, including 1 entities, in source file boolean_circuit_5.sv
    Info (12023): Found entity 1: boolean_circuit_5 File: D:/Documents/digital/boolean_circuit_5.sv Line: 1
Info (12021): Found 1 design units, including 1 entities, in source file boolean_circuit_4.sv
    Info (12023): Found entity 1: boolean_circuit_4 File: D:/Documents/digital/boolean_circuit_4.sv Line: 1
Info (12021): Found 1 design units, including 1 entities, in source file boolean_circuit_3.sv
    Info (12023): Found entity 1: boolean_circuit_3 File: D:/Documents/digital/boolean_circuit_3.sv Line: 1
Info (12021): Found 1 design units, including 1 entities, in source file boolean_circuit_2.sv
    Info (12023): Found entity 1: boolean_circuit_2 File: D:/Documents/digital/boolean_circuit_2.sv Line: 1
Info (12021): Found 1 design units, including 1 entities, in source file boolean_circuit_13.sv
    Info (12023): Found entity 1: boolean_circuit_13 File: D:/Documents/digital/boolean_circuit_13.sv Line: 1
Info (12021): Found 1 design units, including 1 entities, in source file boolean_circuit_12.sv
    Info (12023): Found entity 1: boolean_circuit_12 File: D:/Documents/digital/boolean_circuit_12.sv Line: 1
Info (12021): Found 1 design units, including 1 entities, in source file boolean_circuit_11.sv
    Info (12023): Found entity 1: boolean_circuit_11 File: D:/Documents/digital/boolean_circuit_11.sv Line: 1
Info (12021): Found 1 design units, including 1 entities, in source file boolean_circuit_10.sv
    Info (12023): Found entity 1: boolean_circuit_10 File: D:/Documents/digital/boolean_circuit_10.sv Line: 1
Info (12021): Found 1 design units, including 1 entities, in source file boolean_circuit_1.sv
    Info (12023): Found entity 1: boolean_circuit_1 File: D:/Documents/digital/boolean_circuit_1.sv Line: 1
Warning (10236): Verilog HDL Implicit Net warning at boolean_circuit_7.sv(13): created implicit net for "enable1" File: D:/Documents/digital/boolean_circuit_7.sv Line: 13
Warning (10236): Verilog HDL Implicit Net warning at boolean_circuit_7.sv(13): created implicit net for "enable2" File: D:/Documents/digital/boolean_circuit_7.sv Line: 13
Warning (10236): Verilog HDL Implicit Net warning at boolean_circuit_4.sv(13): created implicit net for "enable" File: D:/Documents/digital/boolean_circuit_4.sv Line: 13
Warning (10236): Verilog HDL Implicit Net warning at boolean_circuit_11.sv(13): created implicit net for "enable1" File: D:/Documents/digital/boolean_circuit_11.sv Line: 13
Warning (10236): Verilog HDL Implicit Net warning at boolean_circuit_11.sv(13): created implicit net for "enable2" File: D:/Documents/digital/boolean_circuit_11.sv Line: 13
Warning (10236): Verilog HDL Implicit Net warning at boolean_circuit_11.sv(13): created implicit net for "enable3" File: D:/Documents/digital/boolean_circuit_11.sv Line: 13
Info (12127): Elaborating entity "stopwatch" for the top level hierarchy
Info (12128): Elaborating entity "c0_9" for hierarchy "c0_9:c1" File: D:/Documents/digital/stopwatch.sv Line: 8
Info (12128): Elaborating entity "boolean_circuit_1" for hierarchy "c0_9:c1|boolean_circuit_1:b1" File: D:/Documents/digital/c0_9.sv Line: 4
Info (12128): Elaborating entity "boolean_circuit_2" for hierarchy "c0_9:c1|boolean_circuit_2:b2" File: D:/Documents/digital/c0_9.sv Line: 5
Info (12128): Elaborating entity "boolean_circuit_3" for hierarchy "c0_9:c1|boolean_circuit_3:b3" File: D:/Documents/digital/c0_9.sv Line: 6
Info (12128): Elaborating entity "t_ff_with_async_enable_set_reset" for hierarchy "c0_9:c1|t_ff_with_async_enable_set_reset:t1" File: D:/Documents/digital/c0_9.sv Line: 8
Info (12128): Elaborating entity "boolean_circuit_4" for hierarchy "boolean_circuit_4:en1" File: D:/Documents/digital/stopwatch.sv Line: 11
Warning (10030): Net "enable" at boolean_circuit_4.sv(13) has no driver or initial value, using a default initial value '0' File: D:/Documents/digital/boolean_circuit_4.sv Line: 13
Info (12128): Elaborating entity "c0_5" for hierarchy "c0_5:c2" File: D:/Documents/digital/stopwatch.sv Line: 14
Info (12128): Elaborating entity "boolean_circuit_5" for hierarchy "c0_5:c2|boolean_circuit_5:b1" File: D:/Documents/digital/c0_5.sv Line: 4
Info (12128): Elaborating entity "boolean_circuit_6" for hierarchy "c0_5:c2|boolean_circuit_6:b2" File: D:/Documents/digital/c0_5.sv Line: 5
Info (12128): Elaborating entity "boolean_circuit_7" for hierarchy "boolean_circuit_7:en2" File: D:/Documents/digital/stopwatch.sv Line: 16
Warning (10030): Net "enable1" at boolean_circuit_7.sv(13) has no driver or initial value, using a default initial value '0' File: D:/Documents/digital/boolean_circuit_7.sv Line: 13
Warning (10030): Net "enable2" at boolean_circuit_7.sv(13) has no driver or initial value, using a default initial value '0' File: D:/Documents/digital/boolean_circuit_7.sv Line: 13
Info (12128): Elaborating entity "boolean_circuit_11" for hierarchy "boolean_circuit_11:en3" File: D:/Documents/digital/stopwatch.sv Line: 21
Warning (10030): Net "enable1" at boolean_circuit_11.sv(13) has no driver or initial value, using a default initial value '0' File: D:/Documents/digital/boolean_circuit_11.sv Line: 13
Warning (10030): Net "enable2" at boolean_circuit_11.sv(13) has no driver or initial value, using a default initial value '0' File: D:/Documents/digital/boolean_circuit_11.sv Line: 13
Warning (10030): Net "enable3" at boolean_circuit_11.sv(13) has no driver or initial value, using a default initial value '0' File: D:/Documents/digital/boolean_circuit_11.sv Line: 13
Info (12128): Elaborating entity "c1_4" for hierarchy "c1_4:c4" File: D:/Documents/digital/stopwatch.sv Line: 24
Info (12128): Elaborating entity "boolean_circuit_12" for hierarchy "c1_4:c4|boolean_circuit_12:b1" File: D:/Documents/digital/c1_4.sv Line: 3
Info (12128): Elaborating entity "boolean_circuit_13" for hierarchy "c1_4:c4|boolean_circuit_13:b2" File: D:/Documents/digital/c1_4.sv Line: 4
Warning (12020): Port "ordered port 1" on the entity instantiation of "t1" is connected to a signal of width 32. The formal width of the signal in the module is 1.  The extra bits will be ignored. File: D:/Documents/digital/c0_9.sv Line: 8
Warning (12241): 3 hierarchies have connectivity warnings - see the Connectivity Checks report folder
Warning (13024): Output pins are stuck at VCC or GND
    Warning (13410): Pin "Q[16]" is stuck at GND File: D:/Documents/digital/stopwatch.sv Line: 1
    Warning (13410): Pin "Q[8]" is stuck at GND File: D:/Documents/digital/stopwatch.sv Line: 1
Info (286030): Timing-Driven Synthesis is running
Info (144001): Generated suppressed messages file D:/Documents/digital/output_files/stopwatch.map.smsg
Info (16010): Generating hard_block partition "hard_block:auto_generated_inst"
    Info (16011): Adding 0 node(s), including 0 DDIO, 0 PLL, 0 transceiver and 0 LCELL
Warning (21074): Design contains 5 input pin(s) that do not drive logic
    Warning (15610): No output dependent on input pin "RESET" File: D:/Documents/digital/stopwatch.sv Line: 1
    Warning (15610): No output dependent on input pin "SPEED_UP" File: D:/Documents/digital/stopwatch.sv Line: 1
    Warning (15610): No output dependent on input pin "SPEED_DOWN" File: D:/Documents/digital/stopwatch.sv Line: 1
    Warning (15610): No output dependent on input pin "ADD" File: D:/Documents/digital/stopwatch.sv Line: 1
    Warning (15610): No output dependent on input pin "SUBTRACT" File: D:/Documents/digital/stopwatch.sv Line: 1
Info (21057): Implemented 58 device resources after synthesis - the final resource count might be different
    Info (21058): Implemented 8 input pins
    Info (21059): Implemented 16 output pins
    Info (21061): Implemented 34 logic cells
Info: Quartus Prime Analysis & Synthesis was successful. 0 errors, 24 warnings
    Info: Peak virtual memory: 4795 megabytes
    Info: Processing ended: Tue Jan  3 19:25:50 2023
    Info: Elapsed time: 00:00:07
    Info: Total CPU time (on all processors): 00:00:08


+------------------------------------------+
; Analysis & Synthesis Suppressed Messages ;
+------------------------------------------+
The suppressed messages can be found in D:/Documents/digital/output_files/stopwatch.map.smsg.


